<?xml version="1.0" encoding="UTF-8"?>
<!-- Generated by org.testng.reporters.JUnitReportReporter -->
<testsuite skipped="0" hostname="LAPTOP-7KGGH2FN" name="Sample.TestNgProject.WelcomeTest" tests="1" failures="0" timestamp="2019-12-31T08:33:22 IST" time="0.020" errors="0">
  <testcase name="PrintWelcomeTest" time="0.020" classname="Sample.TestNgProject.WelcomeTest"/>
</testsuite> <!-- Sample.TestNgProject.WelcomeTest -->
