<?xml version="1.0" encoding="UTF-8"?>
<!-- Generated by org.testng.reporters.JUnitReportReporter -->
<testsuite skipped="0" hostname="LAPTOP-7KGGH2FN" name="Sample.TestNgProject.WelcomeTest" tests="1" failures="0" timestamp="2019-12-31T10:54:59 IST" time="0.007" errors="0">
  <testcase name="PrintWelcomeTest" time="0.007" classname="Sample.TestNgProject.WelcomeTest"/>
</testsuite> <!-- Sample.TestNgProject.WelcomeTest -->
