<?xml version="1.0" encoding="UTF-8"?>
<!-- Generated by org.testng.reporters.JUnitReportReporter -->
<testsuite hostname="LAPTOP-7KGGH2FN" name="Sample.TestNgProject.WelcomeTest" tests="1" failures="0" timestamp="31 Dec 2019 02:58:43 GMT" time="0.004" errors="0">
  <testcase name="PrintWelcomeTest" time="0.004" classname="Sample.TestNgProject.WelcomeTest"/>
</testsuite> <!-- Sample.TestNgProject.WelcomeTest -->
